<?xml version="1.0" encoding="UTF-8"?>
<!-- Generated by org.testng.reporters.JUnitReportReporter -->
<testsuite hostname="DESKTOP-OI02I69" failures="0" tests="1" name="Testclasses.VerifyUserCanLogin" time="1.338" errors="0" timestamp="2022-11-10T11:29:15 IST" skipped="0">
  <testcase classname="Testclasses.VerifyUserCanLogin" name="VerifyUserLogin" time="1.338"/>
  <system-out/>
</testsuite> <!-- Testclasses.VerifyUserCanLogin -->
